# JRE version: OpenJDK Runtime Environment (17.0.7) (build 17.0.7+0-b2043.56-10550314)
# Java VM: OpenJDK 64-Bit Server VM (17.0.7+0-b2043.56-10550314, mixed mode, tiered, compressed oops, compressed class ptrs, g1 gc, windows-amd64)
GC Precious Log:
 CPUs: 4 total, 4 available
 Memory: 7967M
 Large Page Support: Disabled
 NUMA Support: Disabled
 Compressed Oops: Enabled (32-bit)
 Heap Region Size: 1M
 Heap Min Capacity: 8M
 Heap Initial Capacity: 126M
 Heap Max Capacity: 2G
 Pre-touch: Disabled
 Parallel Workers: 4
 Concurrent Workers: 1
 Concurrent Refinement Workers: 4
 Periodic GC: Disabled
Heap:
 garbage-first heap   total 512000K, used 298830K [0x0000000080000000, 0x0000000100000000)
  region size 1024K, 48 young (49152K), 3 survivors (3072K)
 Metaspace       used 210927K, committed 212224K, reserved 1245184K
  class space    used 27253K, committed 27840K, reserved 1048576K
GC Heap History (20 events):
Event: 2736.125 GC heap before
{Heap before GC invocations=73 (full 0):
 garbage-first heap   total 512000K, used 182604K [0x0000000080000000, 0x0000000100000000)
  region size 1024K, 25 young (25600K), 16 survivors (16384K)
 Metaspace       used 146843K, committed 148096K, reserved 1179648K
  class space    used 19909K, committed 20480K, reserved 1048576K
}
Event: 2736.155 GC heap after
{Heap after GC invocations=74 (full 0):
 garbage-first heap   total 512000K, used 166239K [0x0000000080000000, 0x0000000100000000)
  region size 1024K, 4 young (4096K), 4 survivors (4096K)
 Metaspace       used 146843K, committed 148096K, reserved 1179648K
  class space    used 19909K, committed 20480K, reserved 1048576K
}
Event: 2736.935 GC heap before
{Heap before GC invocations=74 (full 0):
 garbage-first heap   total 512000K, used 206175K [0x0000000080000000, 0x0000000100000000)
  region size 1024K, 44 young (45056K), 4 survivors (4096K)
 Metaspace       used 152348K, committed 153728K, reserved 1245184K
  class space    used 20618K, committed 21248K, reserved 1048576K
}
Event: 2736.939 GC heap after
{Heap after GC invocations=75 (full 0):
 garbage-first heap   total 512000K, used 164542K [0x0000000080000000, 0x0000000100000000)
  region size 1024K, 2 young (2048K), 2 survivors (2048K)
 Metaspace       used 152348K, committed 153728K, reserved 1245184K
  class space    used 20618K, committed 21248K, reserved 1048576K
}
Event: 2741.675 GC heap before
{Heap before GC invocations=76 (full 0):
 garbage-first heap   total 512000K, used 433854K [0x0000000080000000, 0x0000000100000000)
  region size 1024K, 253 young (259072K), 2 survivors (2048K)
 Metaspace       used 171231K, committed 172352K, reserved 1245184K
  class space    used 22710K, committed 23232K, reserved 1048576K
}
Event: 2741.714 GC heap after
{Heap after GC invocations=77 (full 0):
 garbage-first heap   total 512000K, used 197674K [0x0000000080000000, 0x0000000100000000)
  region size 1024K, 31 young (31744K), 31 survivors (31744K)
 Metaspace       used 171231K, committed 172352K, reserved 1245184K
  class space    used 22710K, committed 23232K, reserved 1048576K
}
Event: 2741.761 GC heap before
{Heap before GC invocations=77 (full 0):
 garbage-first heap   total 512000K, used 198698K [0x0000000080000000, 0x0000000100000000)
  region size 1024K, 32 young (32768K), 31 survivors (31744K)
 Metaspace       used 171347K, committed 172480K, reserved 1245184K
  class space    used 22722K, committed 23232K, reserved 1048576K
}
Event: 2741.816 GC heap after
{Heap after GC invocations=78 (full 0):
 garbage-first heap   total 512000K, used 186607K [0x0000000080000000, 0x0000000100000000)
  region size 1024K, 2 young (2048K), 2 survivors (2048K)
 Metaspace       used 171347K, committed 172480K, reserved 1245184K
  class space    used 22722K, committed 23232K, reserved 1048576K
}
Event: 2747.521 GC heap before
{Heap before GC invocations=78 (full 0):
 garbage-first heap   total 512000K, used 412911K [0x0000000080000000, 0x0000000100000000)
  region size 1024K, 223 young (228352K), 2 survivors (2048K)
 Metaspace       used 193366K, committed 194560K, reserved 1245184K
  class space    used 25060K, committed 25600K, reserved 1048576K
}
Event: 2747.540 GC heap after
{Heap after GC invocations=79 (full 0):
 garbage-first heap   total 512000K, used 198977K [0x0000000080000000, 0x0000000100000000)
  region size 1024K, 15 young (15360K), 15 survivors (15360K)
 Metaspace       used 193366K, committed 194560K, reserved 1245184K
  class space    used 25060K, committed 25600K, reserved 1048576K
}
Event: 2752.894 GC heap before
{Heap before GC invocations=80 (full 0):
 garbage-first heap   total 512000K, used 439617K [0x0000000080000000, 0x0000000100000000)
  region size 1024K, 226 young (231424K), 15 survivors (15360K)
 Metaspace       used 197328K, committed 198528K, reserved 1245184K
  class space    used 25610K, committed 26176K, reserved 1048576K
}
Event: 2752.947 GC heap after
{Heap after GC invocations=81 (full 0):
 garbage-first heap   total 512000K, used 243712K [0x0000000080000000, 0x0000000100000000)
  region size 1024K, 29 young (29696K), 29 survivors (29696K)
 Metaspace       used 197328K, committed 198528K, reserved 1245184K
  class space    used 25610K, committed 26176K, reserved 1048576K
}
Event: 2752.992 GC heap before
{Heap before GC invocations=81 (full 0):
 garbage-first heap   total 512000K, used 244736K [0x0000000080000000, 0x0000000100000000)
  region size 1024K, 30 young (30720K), 29 survivors (29696K)
 Metaspace       used 197328K, committed 198528K, reserved 1245184K
  class space    used 25610K, committed 26176K, reserved 1048576K
}
Event: 2753.031 GC heap after
{Heap after GC invocations=82 (full 0):
 garbage-first heap   total 512000K, used 242176K [0x0000000080000000, 0x0000000100000000)
  region size 1024K, 2 young (2048K), 2 survivors (2048K)
 Metaspace       used 197328K, committed 198528K, reserved 1245184K
  class space    used 25610K, committed 26176K, reserved 1048576K
}
Event: 2759.842 GC heap before
{Heap before GC invocations=82 (full 0):
 garbage-first heap   total 512000K, used 412160K [0x0000000080000000, 0x0000000100000000)
  region size 1024K, 168 young (172032K), 2 survivors (2048K)
 Metaspace       used 197328K, committed 198528K, reserved 1245184K
  class space    used 25610K, committed 26176K, reserved 1048576K
}
Event: 2759.857 GC heap after
{Heap after GC invocations=83 (full 0):
 garbage-first heap   total 512000K, used 249639K [0x0000000080000000, 0x0000000100000000)
  region size 1024K, 10 young (10240K), 10 survivors (10240K)
 Metaspace       used 197328K, committed 198528K, reserved 1245184K
  class space    used 25610K, committed 26176K, reserved 1048576K
}
Event: 2769.043 GC heap before
{Heap before GC invocations=84 (full 0):
 garbage-first heap   total 512000K, used 428839K [0x0000000080000000, 0x0000000100000000)
  region size 1024K, 173 young (177152K), 10 survivors (10240K)
 Metaspace       used 209293K, committed 210496K, reserved 1245184K
  class space    used 27040K, committed 27584K, reserved 1048576K
}
Event: 2769.079 GC heap after
{Heap after GC invocations=85 (full 0):
 garbage-first heap   total 512000K, used 260433K [0x0000000080000000, 0x0000000100000000)
  region size 1024K, 22 young (22528K), 22 survivors (22528K)
 Metaspace       used 209293K, committed 210496K, reserved 1245184K
  class space    used 27040K, committed 27584K, reserved 1048576K
}
Event: 2769.235 GC heap before
{Heap before GC invocations=85 (full 0):
 garbage-first heap   total 512000K, used 263505K [0x0000000080000000, 0x0000000100000000)
  region size 1024K, 25 young (25600K), 22 survivors (22528K)
 Metaspace       used 209393K, committed 210624K, reserved 1245184K
  class space    used 27058K, committed 27648K, reserved 1048576K
}
Event: 2769.263 GC heap after
{Heap after GC invocations=86 (full 0):
 garbage-first heap   total 512000K, used 253774K [0x0000000080000000, 0x0000000100000000)
  region size 1024K, 3 young (3072K), 3 survivors (3072K)
 Metaspace       used 209393K, committed 210624K, reserved 1245184K
  class space    used 27058K, committed 27648K, reserved 1048576K
}

